<?xml version="1.0"?>
<antlib>
  <!-- Tasks -->
  <taskdef name="classloader" classname="org.apache.maven.artifact.ant.ClassLoaderTask"/>
</antlib>
